SF:lib\data\http\http_error.dart
DA:1,1
LF:1
LH:1
end_of_record
SF:lib\data\use_cases\remote_authentication.dart
DA:14,1
DA:16,0
DA:17,0
DA:20,0
DA:21,0
DA:22,0
DA:23,0
DA:34,0
DA:36,0
DA:37,0
DA:39,0
LF:11
LH:1
end_of_record
SF:lib\domain\helpers\domain_error.dart
DA:1,1
LF:1
LH:1
end_of_record
SF:lib\domain\use_cases\authentication.dart
DA:12,1
DA:14,0
LF:2
LH:1
end_of_record
SF:lib\data\models\remote_account_model.dart
DA:6,0
DA:8,0
DA:9,0
DA:11,0
LF:4
LH:0
end_of_record
SF:lib\domain\entities\account_entity.dart
DA:4,0
LF:1
LH:0
end_of_record
